This is pdfTeX, Version 3.14159265-2.6-1.40.16 (TeX Live 2015/Debian) (preloaded format=latex 2018.3.10)  11 MAR 2018 19:13
entering extended mode
 restricted \write18 enabled.
 %&-line parsing enabled.
**01.title
(./01.title.tex
LaTeX2e <2016/02/01>
Babel <3.9q> and hyphenation patterns for 81 language(s) loaded.

! LaTeX Error: Environment titlepage undefined.

See the LaTeX manual or LaTeX Companion for explanation.
Type  H <return>  for immediate help.
 ...                                              
                                                  
l.2 \begin{titlepage}
                     
? 
! Interruption.
\GenericError  ...                                
                                                  \endgroup 
l.2 \begin{titlepage}
                     
? ^^[[A
Type <return> to proceed, S to scroll future error messages,
R to run without stopping, Q to run quietly,
I to insert something, E to edit your file,
H for help, X to quit.
? 
! Emergency stop.
\GenericError  ...                                
                                                  \endgroup 
l.2 \begin{titlepage}
                     
End of file on the terminal!

 
Here is how much of TeX's memory you used:
 8 strings out of 493030
 155 string characters out of 6136260
 53056 words of memory out of 5000000
 3642 multiletter control sequences out of 15000+600000
 3640 words of font info for 14 fonts, out of 8000000 for 9000
 1141 hyphenation exceptions out of 8191
 5i,0n,4p,38b,16s stack positions out of 5000i,500n,10000p,200000b,80000s
No pages of output.
